2010-09-27T13:48:21+02:00 NOTICE (5): No translation for the language 'en' available.
2010-09-27T13:48:21+02:00 NOTICE (5): Missing translation: Hello World!
2010-09-27T13:48:33+02:00 NOTICE (5): No translation for the language 'en' available.
2010-09-27T13:48:33+02:00 NOTICE (5): Missing translation: Hello World!
2010-09-27T13:48:52+02:00 NOTICE (5): No translation for the language 'en' available.
2010-09-27T13:48:52+02:00 NOTICE (5): Missing translation: Hello World!
2010-09-27T13:48:52+02:00 NOTICE (5): No translation for the language 'en' available.
2010-09-27T13:48:52+02:00 NOTICE (5): Missing translation: Hello World!
2010-09-27T13:52:57+02:00 NOTICE (5): No translation for the language 'en' available.
2010-09-27T13:52:57+02:00 NOTICE (5): Missing translation: Hello World!
2010-09-27T13:52:58+02:00 NOTICE (5): No translation for the language 'en' available.
2010-09-27T13:52:58+02:00 NOTICE (5): Missing translation: Hello World!
2010-09-27T13:52:58+02:00 NOTICE (5): No translation for the language 'en' available.
2010-09-27T13:52:58+02:00 NOTICE (5): Missing translation: Hello World!
2010-09-27T13:52:59+02:00 NOTICE (5): No translation for the language 'en' available.
2010-09-27T13:52:59+02:00 NOTICE (5): Missing translation: Hello World!
2010-09-27T13:52:59+02:00 NOTICE (5): No translation for the language 'en' available.
2010-09-27T13:52:59+02:00 NOTICE (5): Missing translation: Hello World!
2010-09-27T13:54:48+02:00 NOTICE (5): No translation for the language 'en' available.
2010-09-27T13:54:48+02:00 NOTICE (5): Missing translation: Hello World!
2010-09-27T13:54:48+02:00 NOTICE (5): No translation for the language 'en' available.
2010-09-27T13:54:48+02:00 NOTICE (5): Missing translation: Hello World!
2010-09-27T13:54:48+02:00 NOTICE (5): No translation for the language 'en' available.
2010-09-27T13:54:48+02:00 NOTICE (5): Missing translation: Hello World!
2010-09-27T13:54:49+02:00 NOTICE (5): No translation for the language 'en' available.
2010-09-27T13:54:49+02:00 NOTICE (5): Missing translation: Hello World!
2010-09-27T13:56:24+02:00 NOTICE (5): No translation for the language 'en' available.
2010-09-27T13:56:24+02:00 NOTICE (5): Missing translation: Hello World!
2010-09-27T13:56:25+02:00 NOTICE (5): No translation for the language 'en' available.
2010-09-27T13:56:25+02:00 NOTICE (5): Missing translation: Hello World!
2010-09-27T13:56:51+02:00 NOTICE (5): No translation for the language 'en' available.
2010-09-27T13:56:51+02:00 NOTICE (5): Missing translation: Hello World!
2010-09-27T13:56:52+02:00 NOTICE (5): No translation for the language 'en' available.
2010-09-27T13:56:52+02:00 NOTICE (5): Missing translation: Hello World!
2010-09-27T13:57:16+02:00 NOTICE (5): No translation for the language 'en' available.
2010-09-27T13:57:16+02:00 NOTICE (5): Missing translation: Hello World!
2010-09-27T13:57:17+02:00 NOTICE (5): No translation for the language 'en' available.
2010-09-27T13:57:17+02:00 NOTICE (5): Missing translation: Hello World!
2010-09-27T13:58:41+02:00 NOTICE (5): No translation for the language 'en' available.
2010-09-27T13:58:41+02:00 NOTICE (5): Missing translation: Hello World!
2010-09-27T13:58:41+02:00 NOTICE (5): No translation for the language 'en' available.
2010-09-27T13:58:41+02:00 NOTICE (5): Missing translation: Hello World!
2010-09-27T13:58:42+02:00 NOTICE (5): No translation for the language 'en' available.
2010-09-27T13:58:42+02:00 NOTICE (5): Missing translation: Hello World!
2010-09-27T13:58:42+02:00 NOTICE (5): No translation for the language 'en' available.
2010-09-27T13:58:42+02:00 NOTICE (5): Missing translation: Hello World!
2010-09-27T13:58:42+02:00 NOTICE (5): No translation for the language 'en' available.
2010-09-27T13:58:42+02:00 NOTICE (5): Missing translation: Hello World!
2010-09-27T13:58:42+02:00 NOTICE (5): No translation for the language 'en' available.
2010-09-27T13:58:42+02:00 NOTICE (5): Missing translation: Hello World!
2010-09-27T13:58:43+02:00 NOTICE (5): No translation for the language 'en' available.
2010-09-27T13:58:43+02:00 NOTICE (5): Missing translation: Hello World!
2010-09-27T13:58:43+02:00 NOTICE (5): No translation for the language 'en' available.
2010-09-27T13:58:43+02:00 NOTICE (5): Missing translation: Hello World!
2010-09-27T13:59:09+02:00 NOTICE (5): No translation for the language 'en' available.
2010-09-27T13:59:09+02:00 NOTICE (5): Missing translation: Hello World!
2010-09-27T13:59:25+02:00 NOTICE (5): No translation for the language 'en' available.
2010-09-27T13:59:25+02:00 NOTICE (5): Missing translation: Hello World!
2010-09-27T13:59:34+02:00 NOTICE (5): No translation for the language 'en' available.
2010-09-27T13:59:34+02:00 NOTICE (5): Missing translation: Hello World!
2010-09-27T13:59:35+02:00 NOTICE (5): No translation for the language 'en' available.
2010-09-27T13:59:35+02:00 NOTICE (5): Missing translation: Hello World!
2010-09-27T13:59:41+02:00 NOTICE (5): No translation for the language 'en' available.
2010-09-27T13:59:41+02:00 NOTICE (5): Missing translation: Hello World!
2010-09-27T13:59:41+02:00 NOTICE (5): No translation for the language 'en' available.
2010-09-27T13:59:41+02:00 NOTICE (5): Missing translation: Hello World!
2010-09-27T14:05:06+02:00 NOTICE (5): No translation for the language 'en' available.
2010-09-27T14:05:06+02:00 NOTICE (5): Missing translation: Hello World!
2010-09-27T14:05:06+02:00 NOTICE (5): Missing translation: Hello World!
2010-09-27T14:05:06+02:00 NOTICE (5): No translation for the language 'en' available.
2010-09-27T14:05:06+02:00 NOTICE (5): Missing translation: Hello World!
2010-09-27T14:05:06+02:00 NOTICE (5): Missing translation: Hello World!
2010-09-27T14:06:18+02:00 NOTICE (5): No translation for the language 'en' available.
2010-09-27T14:06:18+02:00 NOTICE (5): Missing translation: Today is %1$s in %2$s. Actual time: %3$s
2010-09-27T14:06:18+02:00 NOTICE (5): No translation for the language 'en' available.
2010-09-27T14:06:18+02:00 NOTICE (5): Missing translation: Today is %1$s in %2$s. Actual time: %3$s
2010-09-27T14:06:40+02:00 NOTICE (5): No translation for the language 'en' available.
2010-09-27T14:06:49+02:00 NOTICE (5): No translation for the language 'en' available.
2010-09-27T14:06:53+02:00 NOTICE (5): No translation for the language 'en' available.
2010-09-27T14:06:53+02:00 NOTICE (5): Missing translation: Today is %1$s in %2$s. Actual time: %3$s
2010-09-27T14:06:53+02:00 NOTICE (5): No translation for the language 'en' available.
2010-09-27T14:06:53+02:00 NOTICE (5): Missing translation: Today is %1$s in %2$s. Actual time: %3$s
2010-09-27T14:07:15+02:00 NOTICE (5): No translation for the language 'en' available.
2010-09-27T14:07:15+02:00 NOTICE (5): Missing translation: Today is %1$s in %2$s. Actual time: %3$s
2010-09-27T14:07:15+02:00 NOTICE (5): Missing translation: Hello World!
2010-09-27T14:07:15+02:00 NOTICE (5): No translation for the language 'en' available.
2010-09-27T14:07:15+02:00 NOTICE (5): Missing translation: Today is %1$s in %2$s. Actual time: %3$s
2010-09-27T14:07:15+02:00 NOTICE (5): Missing translation: Hello World!
2010-09-27T17:16:00+02:00 NOTICE (5): No translation for the language 'en' available.
2010-09-27T17:16:00+02:00 NOTICE (5): Missing translation: Today is %1$s in %2$s. Actual time: %3$s
2010-09-27T17:16:00+02:00 NOTICE (5): Missing translation: Hello World!
2010-09-27T17:16:01+02:00 NOTICE (5): No translation for the language 'en' available.
2010-09-27T17:16:01+02:00 NOTICE (5): Missing translation: Today is %1$s in %2$s. Actual time: %3$s
2010-09-27T17:16:01+02:00 NOTICE (5): Missing translation: Hello World!
2010-09-27T17:17:24+02:00 NOTICE (5): No translation for the language 'en' available.
2010-09-27T17:17:24+02:00 NOTICE (5): Missing translation: Today is %1 in %2. Actual time: %3
2010-09-27T17:17:24+02:00 NOTICE (5): Missing translation: Hello World!
2010-09-27T17:17:24+02:00 NOTICE (5): No translation for the language 'en' available.
2010-09-27T17:17:24+02:00 NOTICE (5): Missing translation: Today is %1 in %2. Actual time: %3
2010-09-27T17:17:24+02:00 NOTICE (5): Missing translation: Hello World!
2010-09-27T17:19:29+02:00 NOTICE (5): No translation for the language 'en' available.
2010-09-27T17:19:29+02:00 NOTICE (5): Missing translation: Today is %s in %s. Actual time: %s
2010-09-27T17:19:29+02:00 NOTICE (5): Missing translation: Hello World!
2010-09-27T17:19:29+02:00 NOTICE (5): No translation for the language 'en' available.
2010-09-27T17:19:29+02:00 NOTICE (5): Missing translation: Today is %s in %s. Actual time: %s
2010-09-27T17:19:29+02:00 NOTICE (5): Missing translation: Hello World!
2010-09-27T17:20:39+02:00 NOTICE (5): No translation for the language 'en' available.
2010-09-27T17:20:39+02:00 NOTICE (5): Missing translation: %1$s + %2$s
2010-09-27T17:20:39+02:00 NOTICE (5): Missing translation: Hello World!
2010-09-27T17:20:39+02:00 NOTICE (5): No translation for the language 'en' available.
2010-09-27T17:20:39+02:00 NOTICE (5): Missing translation: %1$s + %2$s
2010-09-27T17:20:39+02:00 NOTICE (5): Missing translation: Hello World!
2010-09-27T17:21:09+02:00 NOTICE (5): No translation for the language 'en' available.
2010-09-27T17:21:09+02:00 NOTICE (5): Missing translation: %1$s + %2$s
2010-09-27T17:21:09+02:00 NOTICE (5): No translation for the language 'en' available.
2010-09-27T17:21:09+02:00 NOTICE (5): Missing translation: %1$s + %2$s
2010-09-27T17:21:35+02:00 NOTICE (5): No translation for the language 'en' available.
2010-09-27T17:21:35+02:00 NOTICE (5): Missing translation: %1$s + %2$s
2010-09-27T17:21:35+02:00 NOTICE (5): No translation for the language 'en' available.
2010-09-27T17:21:35+02:00 NOTICE (5): Missing translation: %1$s + %2$s
2010-09-27T17:22:03+02:00 NOTICE (5): No translation for the language 'en' available.
2010-09-27T17:23:26+02:00 NOTICE (5): No translation for the language 'en' available.
2010-09-27T17:23:26+02:00 NOTICE (5): Missing translation: %1$s + %2$s
2010-09-27T17:23:26+02:00 NOTICE (5): No translation for the language 'en' available.
2010-09-27T17:23:26+02:00 NOTICE (5): Missing translation: %1$s + %2$s
2010-09-27T17:23:35+02:00 NOTICE (5): No translation for the language 'en' available.
2010-09-27T17:23:35+02:00 NOTICE (5): Missing translation: %1$s + %2$s
2010-09-27T17:23:35+02:00 NOTICE (5): No translation for the language 'en' available.
2010-09-27T17:23:35+02:00 NOTICE (5): Missing translation: %1$s + %2$s
2010-09-27T17:25:18+02:00 NOTICE (5): No translation for the language 'en' available.
2010-09-27T17:39:28+02:00 NOTICE (5): No translation for the language 'en' available.
2010-09-27T17:39:28+02:00 NOTICE (5): No translation for the language 'en' available.
2010-09-27T17:40:17+02:00 NOTICE (5): No translation for the language 'en' available.
2010-09-27T17:40:17+02:00 NOTICE (5): No translation for the language 'en' available.
2010-09-27T17:42:15+02:00 NOTICE (5): No translation for the language 'en' available.
2010-09-27T17:42:16+02:00 NOTICE (5): No translation for the language 'en' available.
2010-09-27T17:42:29+02:00 NOTICE (5): No translation for the language 'en' available.
2010-09-27T17:42:36+02:00 NOTICE (5): No translation for the language 'en' available.
2010-09-27T17:42:36+02:00 NOTICE (5): No translation for the language 'en' available.
2010-09-27T17:42:43+02:00 NOTICE (5): No translation for the language 'en' available.
2010-09-27T17:42:48+02:00 NOTICE (5): No translation for the language 'en' available.
2010-09-27T17:45:07+02:00 NOTICE (5): No translation for the language 'en' available.
2010-09-27T17:45:33+02:00 NOTICE (5): No translation for the language 'en' available.
2010-09-27T17:45:33+02:00 NOTICE (5): Missing translation: %1$s + %2$s
2010-09-27T17:45:33+02:00 NOTICE (5): No translation for the language 'en' available.
2010-09-27T17:45:33+02:00 NOTICE (5): Missing translation: %1$s + %2$s
2010-09-27T17:47:43+02:00 NOTICE (5): No translation for the language 'en' available.
2010-09-27T17:52:39+02:00 NOTICE (5): No translation for the language 'en' available.
2010-09-27T17:52:39+02:00 NOTICE (5): Missing translation: %1$s + %2$s
2010-09-27T17:52:39+02:00 NOTICE (5): No translation for the language 'en' available.
2010-09-27T17:52:39+02:00 NOTICE (5): Missing translation: %1$s + %2$s
