2010-09-21T19:04:32+02:00 NOTICE (5): No translation for the language 'en' available.
2010-09-21T19:04:32+02:00 NOTICE (5): No translation for the language 'en' available.
2010-09-21T19:05:16+02:00 NOTICE (5): No translation for the language 'en' available.
2010-09-21T19:05:16+02:00 NOTICE (5): No translation for the language 'en' available.
2010-09-21T19:05:44+02:00 NOTICE (5): No translation for the language 'en' available.
2010-09-21T19:05:44+02:00 NOTICE (5): Untranslated message within 'en': Hello World!
2010-09-21T19:05:44+02:00 NOTICE (5): Untranslated message within 'en': Test
2010-09-21T19:05:45+02:00 NOTICE (5): No translation for the language 'en' available.
2010-09-21T19:05:45+02:00 NOTICE (5): Untranslated message within 'en': Hello World!
2010-09-21T19:05:45+02:00 NOTICE (5): Untranslated message within 'en': Test
2010-09-21T19:06:07+02:00 NOTICE (5): No translation for the language 'en' available.
2010-09-21T19:06:07+02:00 NOTICE (5): Untranslated message within 'en': Hello World!
2010-09-21T19:06:07+02:00 NOTICE (5): Untranslated message within 'en': Test
2010-09-21T19:06:07+02:00 NOTICE (5): No translation for the language 'en' available.
2010-09-21T19:06:07+02:00 NOTICE (5): Untranslated message within 'en': Hello World!
2010-09-21T19:06:07+02:00 NOTICE (5): Untranslated message within 'en': Test
2010-09-21T19:06:39+02:00 NOTICE (5): No translation for the language 'en' available.
2010-09-21T19:06:39+02:00 NOTICE (5): Missing translation message within 'en': Hello World!
2010-09-21T19:06:39+02:00 NOTICE (5): Missing translation message within 'en': Test
2010-09-21T19:06:39+02:00 NOTICE (5): No translation for the language 'en' available.
2010-09-21T19:06:39+02:00 NOTICE (5): Missing translation message within 'en': Hello World!
2010-09-21T19:06:39+02:00 NOTICE (5): Missing translation message within 'en': Test
2010-09-21T19:06:52+02:00 NOTICE (5): No translation for the language 'en' available.
2010-09-21T19:06:52+02:00 NOTICE (5): Missing translation message: Hello World!
2010-09-21T19:06:52+02:00 NOTICE (5): Missing translation message: Test
2010-09-21T19:06:52+02:00 NOTICE (5): No translation for the language 'en' available.
2010-09-21T19:06:52+02:00 NOTICE (5): Missing translation message: Hello World!
2010-09-21T19:06:52+02:00 NOTICE (5): Missing translation message: Test
2010-09-21T19:07:01+02:00 NOTICE (5): No translation for the language 'en' available.
2010-09-21T19:07:01+02:00 NOTICE (5): Missing translation: Hello World!
2010-09-21T19:07:01+02:00 NOTICE (5): Missing translation: Test
2010-09-21T19:07:01+02:00 NOTICE (5): No translation for the language 'en' available.
2010-09-21T19:07:01+02:00 NOTICE (5): Missing translation: Hello World!
2010-09-21T19:07:01+02:00 NOTICE (5): Missing translation: Test
2010-09-21T19:07:06+02:00 NOTICE (5): No translation for the language 'en' available.
2010-09-21T19:07:06+02:00 NOTICE (5): Missing translation: Hello World!
2010-09-21T19:07:06+02:00 NOTICE (5): Missing translation: Test
2010-09-21T19:07:06+02:00 NOTICE (5): No translation for the language 'en' available.
2010-09-21T19:07:06+02:00 NOTICE (5): Missing translation: Hello World!
2010-09-21T19:07:06+02:00 NOTICE (5): Missing translation: Test
2010-09-21T19:07:16+02:00 NOTICE (5): No translation for the language 'en' available.
2010-09-21T19:07:16+02:00 NOTICE (5): Missing translation: Hello World!
2010-09-21T19:07:16+02:00 NOTICE (5): Missing translation: Test
2010-09-21T19:07:16+02:00 NOTICE (5): No translation for the language 'en' available.
2010-09-21T19:07:16+02:00 NOTICE (5): Missing translation: Hello World!
2010-09-21T19:07:16+02:00 NOTICE (5): Missing translation: Test
